<?xml version="1.0" encoding="UTF-8"?>
<testsuite xmlns:xsi="http://www.w3.org/2001/XMLSchema-instance" xsi:noNamespaceSchemaLocation="https://maven.apache.org/surefire/maven-surefire-plugin/xsd/surefire-test-report.xsd" name="com.swapshop.SwapShop.controllers.UserControllerTest" time="14.311" tests="2" errors="0" skipped="0" failures="0">
  <properties>
[...]
</properties>
  <testcase name="shouldReturnValidUsernameWhenOnUsernameInput" classname="com.swapshop.SwapShop.controllers.UserControllerTest" time="0.624"/>
  <testcase name="shouldReturnResponseEntityOKWhenRegisterUser" classname="com.swapshop.SwapShop.controllers.UserControllerTest" time="0.299"/>
</testsuite>